2021/06/26 23:48:12 server.go:35: open page.ini: no such file or directory
2021/06/27 20:14:11 base.go:20: 
2021/06/27 20:14:29 base.go:20: 
2021/06/27 20:15:54 base.go:20: 
2021/06/27 20:23:31 base.go:20: 
2021/06/27 20:32:06 base.go:20: 
2021/06/27 20:35:06 base.go:20: 
2021/06/27 21:02:39 base.go:20: 
2021/06/27 21:35:23 base.go:20: 
2021/06/29 22:05:25 sessions.go:29: Error 1062: Duplicate entry 'de281605-d757-11eb-8d3a-0242ac150003' for key 'sessions.uuid'
2021/06/29 22:53:48 server.go:60: <nil>
2021/06/29 22:53:50 server.go:60: <nil>
2021/06/29 22:53:54 server.go:60: <nil>
2021/06/29 22:54:52 route_auth.go:28: Error 1062: Duplicate entry 'test@example.com' for key 'users.email'
2021/06/29 22:57:50 route_auth.go:28: Error 1062: Duplicate entry 'test@example.com' for key 'users.email'
2021/06/29 22:59:04 route_auth.go:28: Error 1062: Duplicate entry 'test@example.com' for key 'users.email'
2021/06/29 23:01:36 route_auth.go:28: Error 1062: Duplicate entry 'test@example.com' for key 'users.email'
2021/06/29 23:02:06 sessions.go:29: Error 1062: Duplicate entry '2fec498d-d8de-11eb-8d49-0242ac140003' for key 'sessions.uuid'
2021/06/29 23:07:15 sessions.go:29: Error 1062: Duplicate entry '2fec498d-d8de-11eb-8d49-0242ac140003' for key 'sessions.uuid'
2021/06/29 23:12:57 sessions.go:29: Error 1062: Duplicate entry '2fec498d-d8de-11eb-8d49-0242ac140003' for key 'sessions.uuid'
2021/06/29 23:19:06 route_auth.go:53: Error 1062: Duplicate entry '2fec498d-d8de-11eb-8d49-0242ac140003' for key 'sessions.uuid'
2021/06/30 22:01:30 route_auth.go:28: Error 1062: Duplicate entry 'test@example.com' for key 'users.email'
2021/07/02 22:28:45 route_main.go:118: strconv.Atoi: parsing "{\u200c{.Todo_ID}}": invalid syntax
2021/07/02 22:30:39 route_main.go:118: strconv.Atoi: parsing "{\u200c{.Todo_ID}}": invalid syntax
2021/07/02 22:33:12 route_main.go:118: strconv.Atoi: parsing "{\u200c{.Todo_ID}}": invalid syntax
2021/07/02 22:34:19 route_main.go:118: strconv.Atoi: parsing "{\u200c{.Todo_ID}}": invalid syntax
2021/07/02 22:44:47 route_main.go:118: strconv.Atoi: parsing "{\u200c{.Todo_ID}}": invalid syntax
2021/07/02 22:47:04 route_main.go:118: strconv.Atoi: parsing "{\u200c{.Todo_ID}}": invalid syntax
2021/07/02 22:54:38 route_main.go:118: strconv.Atoi: parsing "": invalid syntax
